2013/10/17 09:24:43 [error] [php] Object of class JasperReport could not be converted to string (/var/www/html/demo/protected/extensions/YiiJasper/JRequest.php:210)
Stack trace:
#0 /var/www/html/demo/protected/controllers/SiteController.php(13): JasperReport->exec()
#1 /var/www/yii/framework/web/actions/CInlineAction.php(49): SiteController->actionIndex()
#2 /var/www/yii/framework/web/CController.php(308): CInlineAction->runWithParams()
#3 /var/www/yii/framework/web/CController.php(286): SiteController->runAction()
#4 /var/www/yii/framework/web/CController.php(265): SiteController->runActionWithFilters()
#5 /var/www/yii/framework/web/CWebApplication.php(282): SiteController->run()
#6 /var/www/yii/framework/web/CWebApplication.php(141): CWebApplication->runController()
#7 /var/www/yii/framework/base/CApplication.php(180): CWebApplication->processRequest()
#8 /var/www/html/demo/index.php(13): CWebApplication->run()
REQUEST_URI=/demo/
in /var/www/html/demo/protected/extensions/YiiJasper/JRequest.php (210)
in /var/www/html/demo/protected/extensions/YiiJasper/JasperReport.php (312)
in /var/www/html/demo/protected/controllers/SiteController.php (13)
2013/10/17 10:07:19 [error] [php] include(401,403.php): failed to open stream: No such file or directory (/var/www/yii/framework/YiiBase.php:427)
Stack trace:
#0 unknown(0): spl_autoload_call()
#1 /var/www/html/demo/protected/extensions/YiiJasper/JRequest.php(212): call_user_func_array()
#2 /var/www/html/demo/protected/extensions/YiiJasper/JasperReport.php(312): JRequest->send()
#3 /var/www/html/demo/protected/controllers/SiteController.php(13): JasperReport->exec()
#4 /var/www/yii/framework/web/actions/CInlineAction.php(49): SiteController->actionIndex()
#5 /var/www/yii/framework/web/CController.php(308): CInlineAction->runWithParams()
#6 /var/www/yii/framework/web/CController.php(286): SiteController->runAction()
#7 /var/www/yii/framework/web/CController.php(265): SiteController->runActionWithFilters()
#8 /var/www/yii/framework/web/CWebApplication.php(282): SiteController->run()
#9 /var/www/yii/framework/web/CWebApplication.php(141): CWebApplication->runController()
#10 /var/www/yii/framework/base/CApplication.php(180): CWebApplication->processRequest()
#11 /var/www/html/demo/index.php(13): CWebApplication->run()
REQUEST_URI=/demo/index.php?r=site/index
in /var/www/html/demo/protected/extensions/YiiJasper/JRequest.php (212)
in /var/www/html/demo/protected/extensions/YiiJasper/JasperReport.php (312)
in /var/www/html/demo/protected/controllers/SiteController.php (13)
